<?xml version="1.0" encoding="UTF-8"?>
<testng-results ignored="0" total="1" passed="1" failed="0" skipped="0">
  <reporter-output>
  </reporter-output>
  <suite started-at="2023-09-06T10:48:01 IST" name="Default suite" finished-at="2023-09-06T10:48:07 IST" duration-ms="6333">
    <groups>
    </groups>
    <test started-at="2023-09-06T10:48:01 IST" name="Default test" finished-at="2023-09-06T10:48:07 IST" duration-ms="6333">
      <class name="JenkinsHTD.SeleniumJenkins.GoogleTests">
        <test-method signature="f()[pri:0, instance:JenkinsHTD.SeleniumJenkins.GoogleTests@771a660]" started-at="2023-09-06T10:48:01 IST" name="f" finished-at="2023-09-06T10:48:07 IST" duration-ms="6284" status="PASS">
          <reporter-output>
          </reporter-output>
        </test-method> <!-- f -->
      </class> <!-- JenkinsHTD.SeleniumJenkins.GoogleTests -->
    </test> <!-- Default test -->
  </suite> <!-- Default suite -->
</testng-results>
