<?xml version="1.0" encoding="UTF-8"?>
<testng-results ignored="0" total="1" passed="1" failed="0" skipped="0">
  <reporter-output>
  </reporter-output>
  <suite started-at="2023-09-06T13:03:41 IST" name="Default suite" finished-at="2023-09-06T13:03:46 IST" duration-ms="5336">
    <groups>
    </groups>
    <test started-at="2023-09-06T13:03:41 IST" name="Default test" finished-at="2023-09-06T13:03:46 IST" duration-ms="5336">
      <class name="JenkinsHTD.SeleniumJenkins.AssertSelenium">
        <test-method signature="f()[pri:0, instance:JenkinsHTD.SeleniumJenkins.AssertSelenium@771a660]" started-at="2023-09-06T13:03:41 IST" name="f" finished-at="2023-09-06T13:03:46 IST" duration-ms="5282" status="PASS">
          <reporter-output>
          </reporter-output>
        </test-method> <!-- f -->
      </class> <!-- JenkinsHTD.SeleniumJenkins.AssertSelenium -->
    </test> <!-- Default test -->
  </suite> <!-- Default suite -->
</testng-results>
