<?xml version="1.0" encoding="UTF-8"?>
<testng-results ignored="0" total="1" passed="1" failed="0" skipped="0">
  <reporter-output>
  </reporter-output>
  <suite started-at="2023-09-05T15:29:08 IST" name="Default suite" finished-at="2023-09-05T15:29:12 IST" duration-ms="4356">
    <groups>
    </groups>
    <test started-at="2023-09-05T15:29:08 IST" name="Default test" finished-at="2023-09-05T15:29:12 IST" duration-ms="4356">
      <class name="JenkinsHTD.JenkinsHTD.NewTest1">
        <test-method signature="f()[pri:0, instance:JenkinsHTD.JenkinsHTD.NewTest1@771a660]" started-at="2023-09-05T15:29:08 IST" name="f" finished-at="2023-09-05T15:29:12 IST" duration-ms="4314" status="PASS">
          <reporter-output>
          </reporter-output>
        </test-method> <!-- f -->
      </class> <!-- JenkinsHTD.JenkinsHTD.NewTest1 -->
    </test> <!-- Default test -->
  </suite> <!-- Default suite -->
</testng-results>
