<?xml version="1.0" encoding="UTF-8"?>
<testng-results ignored="0" total="2" passed="2" failed="0" skipped="0">
  <reporter-output>
  </reporter-output>
  <suite started-at="2023-09-07T13:09:22 IST" name="Default suite" finished-at="2023-09-07T13:09:37 IST" duration-ms="15088">
    <groups>
    </groups>
    <test started-at="2023-09-07T13:09:22 IST" name="Default test" finished-at="2023-09-07T13:09:37 IST" duration-ms="15088">
      <class name="Technical_Assessment_02.orangehrmTest.OrangehrmTest">
        <test-method signature="f()[pri:0, instance:Technical_Assessment_02.orangehrmTest.OrangehrmTest@5e600dd5]" started-at="2023-09-07T13:09:22 IST" name="f" finished-at="2023-09-07T13:09:30 IST" duration-ms="7800" status="PASS">
          <reporter-output>
          </reporter-output>
        </test-method> <!-- f -->
        <test-method signature="f1()[pri:0, instance:Technical_Assessment_02.orangehrmTest.OrangehrmTest@5e600dd5]" started-at="2023-09-07T13:09:30 IST" name="f1" finished-at="2023-09-07T13:09:37 IST" depends-on-methods="Technical_Assessment_02.orangehrmTest.OrangehrmTest.f" duration-ms="7229" status="PASS">
          <reporter-output>
          </reporter-output>
        </test-method> <!-- f1 -->
      </class> <!-- Technical_Assessment_02.orangehrmTest.OrangehrmTest -->
    </test> <!-- Default test -->
  </suite> <!-- Default suite -->
</testng-results>
